SF:lib/src/common/domain/models/ticket.dart
DA:17,18
DA:30,4
DA:34,7
DA:36,6
DA:38,1
DA:39,1
DA:41,1
DA:47,3
DA:48,3
DA:54,3
DA:55,3
DA:57,12
DA:58,6
DA:59,3
DA:61,3
DA:62,9
DA:63,9
DA:64,3
DA:66,3
DA:67,6
DA:68,6
DA:69,9
DA:70,9
DA:71,3
DA:73,3
DA:74,3
DA:75,3
DA:76,3
DA:77,3
DA:78,3
DA:81,3
DA:82,3
DA:83,6
DA:84,6
DA:85,6
DA:86,9
DA:87,6
DA:88,6
DA:89,6
DA:90,6
DA:91,3
DA:92,9
DA:96,3
DA:97,6
DA:98,6
DA:99,6
DA:100,9
DA:101,6
DA:102,6
DA:103,6
DA:104,6
DA:105,6
DA:106,3
DA:109,6
DA:112,3
DA:115,6
DA:118,9
DA:119,3
DA:121,6
DA:123,6
DA:128,9
DA:132,13
DA:133,13
DA:136,18
DA:137,4
DA:140,18
DA:141,6
DA:143,2
DA:145,9
DA:149,8
DA:150,7
DA:151,14
DA:154,12
DA:155,12
DA:156,12
DA:157,12
DA:160,24
DA:161,6
DA:162,12
DA:163,12
DA:164,12
DA:170,0
DA:172,0
DA:173,0
DA:175,0
DA:177,0
DA:178,0
DA:183,7
DA:189,9
DA:190,9
DA:192,15
DA:194,6
DA:195,18
DA:196,12
DA:197,6
DA:201,9
DA:202,4
DA:203,4
DA:207,9
DA:208,9
DA:209,14
DA:210,18
DA:211,16
DA:212,9
DA:213,18
DA:214,6
DA:215,6
DA:216,9
DA:217,5
DA:218,15
DA:223,9
DA:224,18
DA:225,16
DA:226,4
DA:227,4
DA:228,6
DA:229,6
DA:230,2
DA:231,2
DA:232,19
DA:233,6
DA:234,13
DA:235,2
DA:237,4
DA:239,9
DA:240,15
DA:241,2
DA:243,4
DA:245,9
DA:246,21
DA:247,6
DA:249,12
DA:251,9
DA:252,15
DA:253,6
DA:254,9
DA:255,3
DA:257,6
DA:258,3
DA:261,9
DA:262,18
DA:263,8
DA:265,16
DA:266,8
DA:269,6
DA:270,6
DA:271,9
DA:272,7
DA:274,14
DA:276,19
DA:277,3
DA:279,3
DA:281,19
DA:282,3
DA:284,3
DA:286,9
DA:287,4
DA:288,2
DA:290,2
DA:292,9
DA:293,5
DA:295,15
DA:297,27
DA:298,8
DA:300,8
DA:302,23
DA:303,12
DA:304,9
DA:305,14
DA:306,12
DA:307,7
DA:308,8
DA:309,2
DA:310,9
DA:311,14
DA:312,12
DA:313,7
DA:314,8
DA:315,2
DA:316,9
DA:321,1
DA:322,1
DA:323,1
DA:326,1
DA:327,2
DA:328,0
DA:329,1
DA:330,0
DA:333,1
DA:334,2
DA:335,0
DA:336,1
DA:337,0
DA:339,3
DA:340,0
DA:341,1
DA:343,1
DA:344,1
DA:345,0
DA:347,2
DA:349,1
DA:351,3
DA:352,3
DA:353,2
DA:365,1
DA:370,1
DA:371,1
DA:373,1
DA:374,1
DA:375,3
DA:376,3
DA:379,2
DA:380,2
DA:381,1
DA:383,2
DA:384,1
DA:387,1
DA:391,2
DA:396,1
DA:401,0
DA:402,0
DA:404,0
DA:406,0
DA:407,0
DA:408,0
DA:410,0
DA:411,0
DA:413,0
DA:441,1
DA:442,3
DA:443,1
DA:447,0
DA:448,0
LF:233
LH:210
end_of_record
SF:lib/src/features/tnstc/domain/tnstc_model.dart
DA:7,10
DA:64,1
DA:68,1
DA:69,1
DA:70,4
DA:71,1
DA:72,1
DA:73,1
DA:74,1
DA:75,1
DA:76,1
DA:77,1
DA:78,1
DA:79,1
DA:80,1
DA:81,1
DA:82,1
DA:83,1
DA:84,1
DA:85,1
DA:86,1
DA:87,3
DA:88,1
DA:89,1
DA:90,1
DA:91,1
DA:92,1
DA:96,1
DA:97,3
DA:98,3
DA:99,1
DA:100,2
DA:101,1
DA:103,3
DA:104,1
DA:105,2
DA:106,1
DA:108,1
DA:109,3
DA:110,1
DA:111,4
DA:112,2
DA:113,10
DA:114,1
DA:115,10
DA:117,22
DA:118,6
DA:121,9
DA:122,15
DA:123,15
DA:124,9
DA:130,3
DA:143,1
DA:145,4
DA:146,2
LF:55
LH:55
end_of_record
SF:lib/src/common/constants/station_code.dart
DA:4,0
DA:632,1
DA:633,3
DA:634,1
DA:635,3
DA:637,1
DA:643,0
DA:645,0
LF:8
LH:5
end_of_record
SF:lib/src/common/constants/string_extension.dart
DA:3,0
DA:4,0
DA:8,13
DA:9,26
LF:4
LH:2
end_of_record
SF:lib/src/common/database/platform/platform_db_mobile.dart
DA:1,0
LF:1
LH:0
end_of_record
SF:lib/src/common/database/ticket_dao.dart
DA:11,1
DA:12,0
DA:13,0
DA:19,1
DA:20,2
DA:21,2
DA:22,3
DA:23,2
DA:30,0
DA:32,0
DA:35,0
DA:36,0
DA:39,0
DA:44,0
DA:48,0
DA:50,0
DA:52,0
DA:55,0
DA:57,0
DA:61,0
DA:64,0
DA:66,0
DA:67,0
DA:68,0
DA:72,0
DA:81,1
DA:84,4
DA:86,2
DA:89,1
DA:91,1
DA:92,1
DA:94,3
DA:95,7
DA:98,3
DA:99,2
DA:100,5
DA:104,3
DA:105,3
DA:107,1
DA:113,1
DA:114,3
DA:116,0
DA:121,2
DA:122,2
DA:131,0
DA:134,0
DA:136,0
DA:139,0
DA:142,0
DA:146,0
DA:147,0
DA:148,0
DA:149,0
DA:150,0
DA:151,0
DA:155,0
DA:156,0
DA:157,0
DA:161,0
DA:162,0
DA:163,0
DA:167,0
DA:171,0
DA:174,0
DA:175,0
DA:177,0
DA:180,0
DA:185,0
DA:186,0
DA:195,1
DA:198,2
DA:200,2
DA:203,2
DA:204,1
DA:207,1
DA:210,1
DA:211,0
DA:215,1
DA:216,1
DA:218,0
DA:219,0
DA:228,0
DA:231,0
DA:233,0
DA:234,0
DA:236,0
DA:237,0
DA:238,0
DA:241,0
DA:243,0
DA:249,0
DA:252,0
DA:254,0
DA:255,0
DA:258,0
DA:262,0
DA:263,0
DA:266,0
DA:268,0
DA:274,0
DA:277,0
DA:279,0
DA:282,0
DA:284,0
DA:287,0
DA:290,0
DA:291,0
DA:293,0
DA:298,0
DA:299,0
DA:308,1
DA:309,1
DA:310,1
DA:312,1
DA:314,3
DA:315,2
DA:317,3
DA:318,2
DA:322,1
LF:119
LH:42
end_of_record
SF:lib/src/common/di/locator.dart
DA:48,12
DA:50,0
DA:51,0
DA:53,0
DA:55,0
DA:56,0
DA:58,0
DA:60,0
DA:61,0
DA:63,0
DA:64,0
DA:66,0
DA:67,0
DA:68,0
DA:69,0
DA:72,0
DA:73,0
DA:76,0
DA:77,0
DA:78,0
DA:80,0
DA:81,0
DA:83,0
DA:84,0
DA:85,0
DA:86,0
DA:87,0
DA:88,0
DA:91,0
DA:92,0
DA:93,0
DA:94,0
DA:95,0
DA:96,0
DA:99,0
DA:101,0
DA:102,0
DA:104,0
DA:105,0
DA:106,0
DA:107,0
DA:108,0
DA:109,0
DA:112,0
DA:113,0
DA:114,0
DA:115,0
DA:116,0
DA:117,0
DA:118,0
DA:119,0
DA:120,0
DA:123,0
DA:124,0
DA:125,0
DA:126,0
DA:130,0
DA:131,0
DA:132,0
DA:133,0
DA:134,0
DA:135,0
DA:136,0
LF:63
LH:1
end_of_record
SF:lib/src/common/database/user_dao.dart
DA:9,0
DA:10,0
DA:11,0
DA:17,0
DA:20,0
DA:21,0
DA:22,0
DA:23,0
DA:25,0
DA:27,0
LF:10
LH:0
end_of_record
SF:lib/src/common/domain/models/user.dart
DA:9,0
LF:1
LH:0
end_of_record
SF:lib/src/common/database/wallet_database.dart
DA:12,1
DA:20,0
DA:22,0
DA:24,0
DA:25,0
DA:28,0
DA:29,0
DA:30,0
DA:36,0
DA:37,0
DA:39,0
DA:41,0
DA:44,0
DA:45,0
DA:46,0
DA:47,0
DA:49,0
DA:50,0
DA:52,0
DA:54,0
DA:55,0
DA:58,0
DA:64,0
DA:66,0
DA:77,0
DA:82,0
DA:101,0
DA:103,0
DA:106,0
DA:109,0
DA:116,0
DA:118,0
DA:120,0
DA:121,0
DA:122,0
LF:35
LH:1
end_of_record
SF:lib/src/common/services/haptic/haptic_services.dart
DA:24,0
DA:25,0
DA:32,0
DA:34,0
DA:37,0
DA:39,0
DA:40,0
DA:42,0
DA:45,0
DA:47,0
DA:48,0
DA:51,0
DA:54,0
DA:56,0
DA:57,0
DA:60,0
DA:63,0
DA:65,0
DA:66,0
DA:69,0
DA:72,0
DA:74,0
DA:75,0
DA:77,0
DA:80,0
DA:82,0
DA:83,0
DA:85,0
DA:88,0
DA:91,0
DA:92,0
DA:93,0
DA:99,0
DA:101,0
DA:103,0
DA:104,0
DA:105,0
DA:110,0
DA:111,0
DA:131,0
DA:133,0
DA:135,0
DA:136,0
DA:137,0
DA:138,0
DA:144,0
DA:145,0
DA:149,0
DA:150,0
DA:154,0
DA:155,0
DA:159,0
DA:160,0
DA:164,0
DA:165,0
DA:169,0
DA:170,0
DA:174,0
DA:175,0
LF:59
LH:0
end_of_record
SF:lib/src/common/services/logger/namma_logger.dart
DA:7,1
DA:8,1
DA:9,1
DA:10,1
DA:11,1
DA:15,2
DA:21,1
DA:24,1
DA:27,0
DA:34,1
DA:37,1
DA:42,0
DA:49,1
DA:50,1
DA:53,1
DA:55,2
DA:59,1
DA:61,2
DA:65,1
DA:67,2
DA:71,1
DA:73,2
DA:77,1
DA:83,2
DA:87,1
DA:89,2
DA:96,1
DA:102,1
DA:103,3
DA:110,1
DA:117,1
DA:118,3
DA:148,1
DA:150,1
DA:153,2
DA:158,1
DA:160,2
DA:164,1
DA:165,3
DA:166,1
DA:167,1
DA:173,1
DA:174,0
DA:177,2
DA:196,1
DA:198,3
DA:202,1
DA:204,3
DA:208,1
DA:210,3
DA:214,1
DA:216,3
LF:52
LH:49
end_of_record
SF:lib/src/common/services/ocr/google_mlkit_ocr.dart
DA:12,0
DA:16,0
DA:22,0
DA:25,0
DA:26,0
DA:28,0
DA:29,0
DA:32,0
DA:35,0
DA:36,0
DA:41,0
DA:45,0
DA:46,0
DA:47,0
DA:51,0
DA:52,0
DA:58,0
DA:59,0
DA:62,0
DA:66,0
DA:67,0
DA:68,0
DA:71,0
DA:73,0
DA:74,0
DA:75,0
DA:79,0
DA:80,0
DA:82,0
DA:83,0
DA:84,0
DA:87,0
DA:88,0
DA:91,0
DA:92,0
DA:98,0
DA:100,0
DA:102,0
DA:108,0
DA:109,0
DA:110,0
DA:111,0
DA:116,0
DA:121,0
DA:124,0
LF:45
LH:0
end_of_record
SF:lib/src/common/services/ocr/web_ocr_service.dart
DA:5,0
DA:8,0
LF:2
LH:0
end_of_record
SF:lib/src/common/services/pdf/pdf_service.dart
DA:8,2
DA:20,2
DA:24,4
DA:28,4
DA:29,6
DA:33,4
DA:36,4
DA:37,3
DA:38,3
DA:40,1
DA:43,1
DA:44,4
DA:45,1
DA:47,1
DA:48,2
DA:49,3
DA:51,1
DA:52,0
DA:56,1
DA:57,0
DA:58,0
DA:60,0
DA:66,4
DA:67,3
DA:70,2
DA:74,1
DA:78,2
DA:79,2
DA:80,2
DA:83,0
DA:89,0
DA:95,1
DA:99,4
DA:100,6
DA:101,2
DA:106,2
DA:109,4
DA:110,6
DA:111,2
DA:119,2
DA:122,0
DA:131,2
DA:132,2
DA:137,4
DA:138,4
DA:141,4
DA:144,4
DA:147,2
DA:148,2
DA:149,3
DA:153,2
LF:51
LH:44
end_of_record
SF:lib/src/common/theme/theme_provider.dart
DA:8,0
DA:9,0
DA:15,0
DA:17,0
DA:18,0
DA:23,0
DA:26,0
DA:27,0
DA:30,0
DA:32,0
DA:33,0
DA:35,0
DA:38,0
DA:39,0
DA:40,0
DA:41,0
DA:43,0
DA:44,0
DA:50,0
DA:52,0
DA:53,0
DA:54,0
DA:55,0
DA:60,0
DA:61,0
DA:62,0
DA:63,0
DA:67,0
DA:68,0
DA:69,0
DA:70,0
DA:74,0
DA:75,0
DA:76,0
DA:77,0
DA:81,0
DA:82,0
DA:83,0
DA:85,0
DA:90,0
DA:91,0
DA:92,0
DA:93,0
LF:43
LH:0
end_of_record
SF:lib/src/features/ai/fallback_parser/application/gemma_service.dart
DA:8,0
DA:13,0
DA:16,0
DA:19,0
DA:22,0
DA:26,0
DA:27,0
DA:28,0
DA:29,0
DA:30,0
DA:31,0
DA:34,0
LF:12
LH:0
end_of_record
SF:lib/src/features/ai/fallback_parser/application/web_gemma_service.dart
DA:6,0
DA:8,0
LF:2
LH:0
end_of_record
SF:lib/src/features/clipboard/application/clipboard_service.dart
DA:25,1
DA:56,1
DA:60,2
DA:62,1
DA:66,2
DA:67,1
DA:68,1
DA:74,1
DA:75,1
DA:81,2
DA:87,1
DA:91,2
DA:94,1
DA:99,2
DA:100,1
DA:108,1
DA:113,2
DA:115,1
DA:121,2
DA:122,1
DA:129,1
DA:130,2
DA:133,2
LF:23
LH:23
end_of_record
SF:lib/src/features/clipboard/data/clipboard_repository.dart
DA:15,3
DA:19,1
DA:22,1
DA:23,1
DA:24,3
DA:25,1
DA:26,1
DA:29,0
DA:30,0
DA:35,1
DA:38,1
DA:39,2
DA:41,1
DA:46,1
DA:47,2
DA:48,3
DA:51,0
DA:52,0
LF:18
LH:14
end_of_record
SF:lib/src/features/import/application/deep_link_service.dart
DA:11,0
DA:23,0
DA:25,0
DA:27,0
DA:30,0
DA:32,0
DA:33,0
DA:37,0
DA:38,0
DA:39,0
DA:40,0
DA:42,0
DA:43,0
DA:44,0
DA:48,0
DA:50,0
DA:51,0
DA:55,0
DA:56,0
DA:57,0
DA:58,0
DA:62,0
DA:65,0
DA:66,0
DA:68,0
DA:69,0
DA:73,0
DA:74,0
DA:76,0
DA:78,0
DA:79,0
DA:82,0
DA:83,0
DA:89,0
DA:91,0
DA:92,0
LF:36
LH:0
end_of_record
SF:lib/src/features/import/application/import_service.dart
DA:14,1
DA:38,1
DA:41,1
DA:43,2
DA:46,1
DA:50,1
DA:51,3
DA:54,2
DA:56,2
DA:57,3
DA:62,2
DA:68,2
DA:75,2
DA:77,2
DA:78,2
DA:81,1
DA:82,2
DA:87,1
DA:90,1
DA:91,3
DA:93,1
DA:94,2
DA:97,3
DA:101,2
DA:103,3
DA:105,1
DA:108,1
DA:109,2
DA:114,1
DA:117,2
DA:120,1
DA:121,2
DA:126,2
DA:128,2
DA:129,2
DA:130,3
DA:132,1
DA:134,4
DA:137,1
DA:138,2
LF:40
LH:40
end_of_record
SF:lib/src/features/irctc/application/irctc_qr_parser.dart
DA:8,0
DA:11,0
DA:16,0
DA:17,0
DA:18,0
DA:22,0
DA:23,0
DA:25,0
DA:26,0
DA:27,0
DA:28,0
DA:29,0
DA:30,0
DA:34,0
DA:35,0
DA:38,0
DA:39,0
DA:40,0
DA:41,0
DA:42,0
DA:43,0
DA:44,0
DA:45,0
DA:46,0
DA:47,0
DA:48,0
DA:49,0
DA:51,0
DA:52,0
DA:53,0
DA:54,0
DA:55,0
DA:56,0
DA:57,0
DA:60,0
DA:65,0
DA:66,0
DA:69,0
DA:70,0
DA:71,0
DA:72,0
DA:75,0
DA:76,0
DA:77,0
DA:78,0
DA:81,0
DA:82,0
DA:85,0
DA:86,0
DA:87,0
DA:88,0
DA:90,0
DA:91,0
DA:93,0
DA:94,0
DA:95,0
DA:97,0
DA:98,0
DA:99,0
DA:101,0
DA:105,0
DA:111,0
DA:112,0
DA:115,0
DA:116,0
DA:117,0
DA:118,0
DA:120,0
DA:122,0
DA:125,0
DA:131,0
DA:147,0
DA:149,0
DA:154,0
DA:155,0
DA:157,0
DA:159,0
DA:165,0
DA:167,0
DA:168,0
DA:169,0
LF:81
LH:0
end_of_record
SF:lib/src/features/irctc/application/irctc_scanner_service.dart
DA:14,1
DA:23,1
DA:29,1
DA:38,1
DA:39,1
DA:55,0
DA:67,0
DA:71,0
DA:72,0
DA:76,0
DA:78,0
DA:82,0
DA:86,0
DA:88,0
DA:95,0
DA:96,0
DA:101,0
DA:106,0
LF:18
LH:5
end_of_record
SF:lib/src/features/receive/application/shared_content_processor.dart
DA:22,1
DA:37,1
DA:43,2
DA:45,1
DA:46,0
DA:47,0
DA:48,0
DA:56,0
DA:57,0
DA:58,0
DA:59,0
DA:60,0
DA:61,0
DA:65,1
DA:66,2
DA:68,4
DA:71,1
DA:72,1
DA:76,2
DA:77,1
DA:78,5
DA:80,1
DA:84,3
DA:86,2
DA:87,2
DA:89,2
DA:92,2
DA:94,1
DA:95,2
DA:96,1
DA:97,1
DA:98,3
DA:103,0
DA:104,0
DA:106,0
DA:111,1
DA:115,2
DA:121,2
DA:129,4
DA:130,2
DA:138,1
DA:139,1
DA:140,1
DA:141,0
DA:142,0
DA:143,0
DA:147,1
DA:149,1
DA:152,3
DA:154,1
DA:157,1
DA:158,1
DA:159,1
DA:160,1
DA:161,1
DA:162,1
DA:164,1
DA:165,2
DA:171,1
DA:173,1
DA:179,1
DA:182,2
LF:62
LH:47
end_of_record
SF:lib/src/features/receive/application/sharing_intent_service.dart
DA:15,1
DA:22,0
DA:30,1
DA:36,2
DA:37,1
DA:38,2
DA:39,1
DA:41,1
DA:42,1
DA:43,1
DA:44,3
DA:45,2
DA:50,2
DA:51,1
DA:52,4
DA:53,1
DA:56,0
DA:57,0
DA:61,0
DA:65,1
DA:70,2
DA:72,3
DA:73,1
DA:75,5
DA:76,1
DA:80,2
DA:81,3
DA:82,0
DA:84,2
DA:87,1
DA:89,2
DA:90,5
DA:94,3
DA:97,1
DA:98,1
DA:99,1
DA:100,2
DA:101,1
DA:103,1
DA:110,1
DA:112,1
DA:116,3
DA:117,1
DA:120,2
DA:121,2
DA:124,0
DA:125,0
DA:129,0
DA:133,2
DA:145,1
DA:146,1
DA:147,2
DA:151,1
DA:153,3
DA:155,1
DA:157,4
DA:158,2
DA:159,2
DA:161,1
DA:163,4
DA:164,1
DA:165,2
DA:167,1
DA:169,0
DA:170,0
DA:173,2
DA:174,2
DA:176,2
DA:184,1
DA:185,1
DA:186,3
DA:187,5
DA:188,6
DA:189,3
DA:191,2
DA:192,1
DA:194,1
DA:195,1
DA:196,1
DA:197,4
DA:199,3
DA:200,1
DA:203,1
DA:205,1
DA:206,2
DA:207,0
DA:208,0
DA:209,3
DA:211,0
DA:215,0
DA:218,2
DA:223,1
DA:224,4
DA:225,3
DA:226,1
DA:227,1
DA:231,1
DA:232,2
DA:233,0
DA:234,0
DA:235,0
DA:237,0
DA:241,1
DA:243,2
DA:244,2
LF:105
LH:87
end_of_record
SF:lib/src/features/receive/application/web_sharing_intent_service.dart
DA:6,0
DA:17,0
DA:19,0
DA:22,0
LF:4
LH:0
end_of_record
SF:lib/src/features/settings/application/ai_service_status.dart
DA:5,0
DA:8,0
DA:10,0
DA:11,0
DA:12,0
DA:13,0
LF:6
LH:0
end_of_record
SF:lib/src/features/tnstc/application/tnstc_pdf_parser.dart
DA:15,5
DA:18,5
DA:20,5
DA:24,5
DA:28,5
DA:32,5
DA:33,5
DA:35,5
DA:36,5
DA:40,5
DA:44,5
DA:48,5
DA:52,5
DA:56,5
DA:60,5
DA:61,5
DA:66,5
DA:70,5
DA:74,5
DA:75,5
DA:81,5
DA:85,5
DA:86,2
DA:89,5
DA:93,5
DA:97,5
DA:107,5
DA:111,5
DA:120,2
DA:121,4
DA:122,2
DA:123,2
DA:124,2
DA:129,5
DA:132,5
DA:134,1
DA:137,10
DA:141,2
DA:144,5
DA:147,5
DA:149,1
DA:153,5
DA:156,5
DA:158,1
DA:161,5
DA:164,5
DA:166,2
DA:168,5
DA:171,5
DA:173,2
DA:178,5
DA:184,5
DA:185,4
DA:189,8
DA:194,5
DA:195,1
DA:199,15
DA:201,5
DA:207,5
DA:211,5
DA:212,2
DA:215,5
DA:216,2
DA:223,2
DA:228,5
DA:230,5
DA:232,5
DA:260,5
LF:68
LH:68
end_of_record
SF:lib/src/features/tnstc/application/tnstc_sms_parser.dart
DA:16,6
DA:18,5
DA:22,5
DA:27,5
DA:28,5
DA:35,5
DA:40,2
DA:44,2
DA:46,2
DA:55,2
DA:59,5
DA:63,5
DA:64,5
DA:65,5
DA:66,5
DA:70,5
DA:73,10
DA:74,5
DA:78,5
DA:83,5
DA:84,30
DA:87,5
DA:98,5
DA:102,5
LF:24
LH:24
end_of_record
SF:lib/src/features/travel/application/pkpass_parser.dart
DA:16,1
DA:22,1
DA:25,1
DA:28,1
DA:29,1
DA:30,1
DA:31,1
DA:32,1
DA:33,1
DA:35,1
DA:36,1
DA:38,1
DA:40,1
DA:52,2
DA:57,1
DA:61,1
DA:65,1
DA:66,3
DA:67,1
DA:68,1
DA:71,2
DA:72,2
DA:73,1
DA:74,1
DA:78,0
DA:83,1
DA:84,1
DA:86,2
DA:87,3
DA:91,0
DA:99,1
DA:100,1
DA:102,2
DA:108,2
DA:116,0
DA:119,1
DA:120,0
DA:122,1
DA:123,1
DA:128,1
DA:129,1
DA:130,2
DA:136,2
DA:142,1
DA:143,0
DA:144,0
DA:147,1
DA:148,1
DA:149,1
DA:152,0
DA:155,1
DA:156,1
DA:157,1
DA:160,1
DA:161,2
DA:169,1
DA:170,1
DA:171,1
DA:172,0
DA:173,0
DA:176,0
DA:179,0
DA:186,1
DA:187,1
DA:189,1
DA:191,2
DA:194,2
DA:196,0
DA:202,1
DA:203,1
DA:204,1
DA:207,1
DA:208,1
DA:209,1
DA:210,1
DA:211,1
DA:212,1
DA:213,2
DA:214,2
DA:215,1
DA:216,1
DA:217,1
DA:220,2
DA:221,1
DA:222,1
DA:226,1
DA:229,1
DA:231,0
DA:234,0
DA:235,0
DA:236,0
DA:237,0
DA:238,0
DA:239,0
DA:240,0
DA:243,0
DA:246,1
DA:247,1
DA:248,1
DA:257,1
DA:258,1
DA:259,2
DA:265,1
DA:266,1
DA:267,1
DA:268,1
DA:269,1
DA:270,1
DA:271,1
DA:272,2
DA:273,1
DA:276,2
DA:278,1
DA:279,1
DA:280,1
DA:281,5
DA:282,1
DA:285,0
DA:286,0
DA:288,0
DA:289,0
DA:290,0
DA:291,0
DA:299,1
DA:302,2
DA:303,0
DA:304,0
DA:307,0
DA:311,0
LF:129
LH:98
end_of_record
SF:lib/src/features/travel/application/travel_parser_interface.dart
DA:6,3
LF:1
LH:1
end_of_record
SF:lib/src/features/travel/application/travel_parser_service.dart
DA:21,0
DA:29,3
DA:32,2
DA:35,0
DA:38,2
DA:41,2
DA:49,2
DA:50,8
DA:54,4
DA:60,2
DA:65,2
DA:73,2
DA:82,2
DA:83,6
DA:87,2
DA:88,8
DA:95,2
DA:98,2
DA:102,2
DA:103,2
DA:105,4
DA:106,2
DA:110,2
DA:113,4
DA:114,4
DA:115,4
DA:117,2
DA:120,2
DA:124,4
DA:125,2
DA:126,2
DA:129,2
DA:132,2
DA:135,4
DA:137,4
DA:142,2
DA:145,2
DA:148,4
DA:150,4
DA:155,2
DA:158,4
DA:161,2
DA:162,6
DA:164,2
DA:167,2
DA:179,2
DA:180,6
DA:183,14
DA:188,3
DA:193,0
DA:195,2
DA:198,0
DA:201,2
DA:203,4
DA:206,1
DA:208,1
DA:210,1
DA:221,1
DA:235,1
DA:236,3
DA:239,1
DA:240,3
DA:246,1
DA:248,1
DA:251,0
DA:252,0
DA:254,2
DA:255,1
DA:259,2
DA:264,2
DA:267,0
DA:270,2
DA:273,2
DA:279,2
DA:280,8
DA:282,4
DA:287,1
DA:291,1
DA:292,1
DA:295,2
DA:296,1
DA:297,5
DA:298,1
DA:303,2
DA:306,0
DA:311,3
DA:313,3
DA:314,3
DA:315,3
DA:316,3
DA:322,2
DA:324,4
DA:325,2
DA:333,2
DA:339,4
DA:340,2
DA:342,4
DA:343,6
DA:344,2
DA:345,4
DA:347,2
DA:349,4
DA:351,2
DA:354,2
DA:356,6
DA:358,2
DA:364,0
DA:365,0
DA:370,0
DA:371,0
DA:372,0
DA:373,0
DA:382,4
DA:386,1
DA:387,0
DA:393,1
DA:394,0
DA:403,2
DA:404,10
DA:407,2
DA:408,8
LF:121
LH:105
end_of_record
SF:lib/src/common/domain/models/extras_model.dart
DA:7,15
LF:1
LH:1
end_of_record
SF:lib/src/common/domain/models/tag_model.dart
DA:8,14
DA:12,0
DA:13,0
DA:14,0
DA:16,0
DA:18,0
DA:20,0
DA:22,0
DA:24,0
DA:26,0
LF:10
LH:1
end_of_record
SF:lib/src/common/helper/date_time_converter.dart
DA:34,2
DA:36,13
DA:39,39
DA:41,4
DA:43,4
DA:44,12
DA:47,5
DA:49,5
DA:50,10
DA:53,4
DA:55,4
DA:56,8
DA:59,9
DA:61,9
DA:64,9
DA:65,18
DA:67,18
DA:68,18
DA:71,36
DA:76,9
DA:77,18
DA:78,1
LF:22
LH:22
end_of_record
SF:lib/src/features/irctc/domain/irctc_ticket_model.dart
DA:7,4
DA:45,0
DA:46,0
DA:47,0
DA:48,0
DA:49,0
DA:52,0
DA:53,0
DA:54,0
DA:55,0
DA:56,0
DA:58,0
DA:59,0
DA:60,0
LF:14
LH:1
end_of_record
SF:lib/src/features/clipboard/domain/clipboard_result.dart
DA:10,2
DA:23,2
DA:28,2
DA:39,2
DA:40,2
LF:5
LH:5
end_of_record
SF:lib/src/features/home/domain/ticket_extensions.dart
DA:19,1
DA:20,1
DA:21,3
DA:22,3
DA:23,1
DA:32,2
DA:37,2
DA:42,1
DA:43,2
DA:44,1
DA:46,0
DA:50,0
DA:53,2
DA:56,1
DA:57,1
DA:60,1
DA:61,3
LF:17
LH:15
end_of_record
SF:lib/src/features/irctc/application/irctc_pdf_parser.dart
DA:8,2
DA:12,2
DA:74,1
DA:75,1
DA:77,4
DA:79,2
DA:81,1
DA:85,1
DA:86,1
DA:87,1
DA:90,1
DA:91,1
DA:92,1
DA:95,1
DA:96,1
DA:97,1
DA:98,1
DA:101,2
DA:102,1
DA:103,0
DA:104,0
DA:106,0
DA:112,2
DA:113,2
DA:116,2
DA:117,2
DA:119,2
DA:122,2
DA:123,2
DA:125,4
DA:126,3
DA:127,1
DA:128,1
DA:135,1
DA:150,1
DA:151,1
DA:152,5
DA:153,1
DA:157,2
DA:162,4
DA:163,2
DA:167,2
DA:168,2
DA:169,6
DA:176,2
DA:177,2
DA:179,6
DA:180,2
DA:184,4
DA:199,2
DA:205,2
DA:206,2
DA:209,3
DA:210,1
DA:211,2
DA:214,1
DA:216,2
DA:218,4
DA:219,2
DA:224,2
DA:225,2
DA:226,0
DA:227,0
DA:229,2
DA:230,1
DA:231,1
DA:232,1
DA:234,1
DA:235,1
DA:236,1
DA:241,2
DA:242,2
DA:248,2
DA:249,2
DA:253,4
DA:256,2
DA:257,1
DA:258,3
DA:259,0
DA:263,4
DA:266,2
DA:270,4
DA:277,4
DA:283,2
DA:286,4
DA:289,4
DA:296,2
DA:297,2
DA:299,3
DA:300,2
DA:301,1
DA:304,1
DA:307,2
DA:308,2
DA:309,2
DA:313,1
DA:314,2
DA:316,2
DA:317,2
DA:318,2
DA:322,0
DA:323,0
DA:324,0
DA:333,2
DA:337,1
DA:338,1
DA:339,1
DA:340,1
DA:357,2
DA:364,2
DA:371,2
DA:372,2
DA:375,2
DA:376,2
DA:377,2
DA:380,1
DA:381,1
DA:382,4
DA:385,1
DA:387,1
DA:390,2
DA:391,0
DA:397,4
DA:404,2
DA:405,2
DA:408,2
DA:410,2
DA:412,2
DA:413,2
DA:416,2
DA:418,2
DA:421,4
DA:428,2
DA:429,2
DA:431,4
DA:433,4
DA:435,2
DA:436,2
DA:439,2
DA:441,2
DA:444,2
DA:446,4
DA:465,2
LF:143
LH:133
end_of_record
SF:lib/src/features/travel/application/travel_text_parser_utils.dart
DA:12,8
DA:17,8
DA:18,8
DA:20,16
DA:22,16
DA:32,6
DA:33,6
DA:34,6
DA:39,12
DA:40,10
DA:41,1
DA:42,1
DA:48,10
DA:49,10
DA:50,10
DA:55,10
DA:56,4
DA:59,10
DA:60,0
DA:63,10
DA:64,0
DA:68,5
DA:69,1
DA:70,2
DA:79,6
DA:80,6
DA:81,6
DA:85,3
DA:86,6
DA:87,2
DA:93,6
DA:94,6
DA:95,4
DA:96,6
DA:97,0
DA:101,6
DA:102,6
DA:103,6
DA:106,9
DA:107,3
DA:108,6
DA:109,2
DA:113,6
DA:114,6
DA:116,3
DA:117,1
DA:118,2
DA:126,3
DA:127,3
DA:128,3
DA:134,3
DA:135,3
DA:136,3
LF:53
LH:50
end_of_record
SF:lib/src/features/irctc/application/irctc_sms_parser.dart
DA:7,1
DA:10,2
DA:11,2
DA:12,1
DA:15,1
DA:16,2
DA:17,2
DA:21,1
DA:22,1
DA:24,2
DA:25,2
DA:28,2
DA:29,2
DA:30,3
DA:31,3
DA:32,0
DA:33,1
DA:34,0
DA:57,1
DA:58,1
DA:60,1
DA:61,1
DA:64,1
DA:65,1
DA:66,1
DA:71,1
DA:73,1
DA:74,1
DA:75,0
DA:76,0
DA:77,0
DA:78,0
DA:79,0
DA:82,0
DA:85,0
DA:87,0
DA:93,1
DA:97,1
DA:99,1
DA:107,1
DA:109,1
DA:125,1
DA:126,1
DA:127,1
DA:128,2
DA:137,1
DA:141,1
DA:142,1
DA:147,2
DA:150,1
DA:151,1
DA:153,1
DA:156,1
DA:159,1
DA:160,1
DA:164,1
DA:165,1
DA:167,1
DA:172,1
DA:173,2
DA:175,1
DA:176,1
DA:177,1
DA:178,1
DA:179,2
DA:180,2
DA:182,0
DA:187,1
DA:189,1
DA:190,1
DA:195,1
DA:199,3
DA:202,3
DA:205,3
DA:211,1
DA:215,1
DA:216,1
DA:217,1
DA:218,1
DA:219,1
DA:224,1
DA:225,1
DA:229,1
DA:249,1
LF:84
LH:73
end_of_record
SF:lib/src/features/receive/domain/shared_content_result.dart
DA:8,6
DA:22,1
DA:48,1
DA:61,6
DA:74,1
LF:5
LH:5
end_of_record
SF:lib/src/features/receive/application/sharing_intent_provider.dart
DA:14,1
DA:16,2
DA:19,1
DA:21,2
LF:4
LH:4
end_of_record
SF:lib/src/features/travel/application/travel_pdf_parser.dart
DA:11,5
DA:16,10
DA:22,5
DA:23,5
DA:34,5
DA:35,10
DA:42,5
DA:43,10
DA:50,1
DA:51,1
DA:58,1
DA:59,1
LF:12
LH:12
end_of_record
SF:lib/src/features/travel/application/travel_sms_parser.dart
DA:14,5
DA:15,5
DA:27,6
DA:28,6
DA:29,6
DA:30,12
DA:32,12
DA:33,12
DA:34,12
DA:35,6
DA:36,1
DA:45,1
DA:46,1
DA:53,1
DA:54,1
LF:15
LH:15
end_of_record
SF:lib/src/features/calendar/application/calendar_provider.dart
DA:12,1
DA:16,0
DA:17,2
DA:18,1
DA:20,1
DA:21,1
DA:22,4
DA:25,1
DA:26,4
DA:38,0
DA:39,0
DA:40,0
DA:41,0
DA:42,0
DA:44,0
DA:45,0
DA:46,0
DA:47,0
DA:50,0
DA:51,0
DA:53,0
DA:55,0
DA:59,0
DA:61,0
DA:64,0
DA:67,1
DA:68,1
DA:70,3
DA:71,1
DA:72,0
DA:73,0
DA:74,0
DA:75,0
DA:79,0
DA:80,0
DA:83,0
DA:84,0
DA:85,0
DA:86,0
DA:87,0
DA:90,0
DA:91,0
DA:94,0
DA:95,0
DA:96,0
DA:98,0
DA:99,0
DA:106,0
DA:107,0
DA:110,1
DA:111,3
DA:112,1
DA:113,2
DA:114,2
DA:115,2
DA:116,2
DA:117,2
DA:118,1
DA:121,0
DA:122,0
DA:123,0
DA:124,0
DA:125,0
DA:126,0
DA:127,0
DA:128,0
LF:66
LH:21
end_of_record
SF:lib/src/features/events/domain/event_model.dart
DA:8,0
DA:33,0
DA:36,0
DA:38,0
DA:40,0
DA:42,0
LF:6
LH:0
end_of_record
SF:lib/src/features/travel/domain/travel_model.dart
DA:7,1
LF:1
LH:1
end_of_record
SF:lib/src/common/widgets/snackbar_widget.dart
DA:17,1
DA:23,1
DA:24,1
DA:25,1
DA:26,1
DA:32,1
DA:33,1
DA:45,3
DA:46,3
DA:48,1
DA:49,1
DA:55,1
DA:57,4
DA:58,4
DA:59,1
DA:64,1
DA:81,1
DA:91,2
DA:92,1
LF:19
LH:19
end_of_record
